Arguments: 
  /Users/rs/.nvm/versions/node/v6.11.2/bin/node /usr/local/Cellar/yarn/1.5.1_1/libexec/bin/yarn.js install

PATH: 
  /Users/rs/Projects/casetabs-challenge/twitterer/node_modules/.bin:/Users/rs/.config/yarn/link/node_modules/.bin:/Users/rs/Projects/casetabs-challenge/twitterer/node_modules/.bin:/Users/rs/.config/yarn/link/node_modules/.bin:/Users/rs/.nvm/versions/node/v6.11.2/libexec/lib/node_modules/npm/bin/node-gyp-bin:/Users/rs/.nvm/versions/node/v6.11.2/lib/node_modules/npm/bin/node-gyp-bin:/Users/rs/.nvm/versions/node/v6.11.2/bin/node_modules/npm/bin/node-gyp-bin:/Users/rs/.npm-packages/bin:/Users/rs/.nvm/versions/node/v6.11.2/bin:/Users/rs/.rvm/gems/ruby-2.3.3/bin:/Users/rs/.rvm/gems/ruby-2.3.3@global/bin:/Users/rs/.rvm/rubies/ruby-2.3.3/bin:/usr/local/bin:/usr/bin:/bin:/usr/sbin:/sbin:/opt/X11/bin:/usr/local/go/bin:/Users/rs/.rvm/bin:/Users/rs/.rvm/bin

Yarn version: 
  1.5.1

Node version: 
  6.11.2

Platform: 
  darwin x64

npm manifest: 
  {
    "name": "react-webpack-rails-tutorial",
    "version": "0.0.1",
    "private": true,
    "engines": {
      "node": "6.9.0",
      "npm": "4.1.1"
    },
    "scripts": {
      "build:test": "webpack --config webpack.config.js",
      "build:production": "NODE_ENV=production webpack --config webpack.config.js",
      "build:development": "webpack -w --config webpack.config.js"
    },
    "cacheDirectories": ["node_modules", "client/node_modules"],
    "dependencies": {
      "babel-cli": "^6.24.1",
      "babel-core": "^6.24.1",
      "babel-loader": "^6.3.2",
      "babel-runtime": "^6.23.0",
      "babel-polyfill": "^6.23.0",
      "babel-preset-es2015": "^6.24.1",
      "babel-preset-react": "^6.24.1",
      "babel-preset-stage-2": "^6.24.1",
      "es5-shim": "^4.5.9",
      "expose-loader": "^0.7.3",
      "imports-loader": "^0.7.1",
      "react": "^15.5.4",
      "react-dom": "^15.5.4",
      "react-on-rails": "6.10.1",
      "webpack": "^2.3.3"
    },
    "devDependencies": {
    }
  }

yarn manifest: 
  No manifest

Lockfile: 
  No lockfile

Trace: 
  Error: Found incompatible module
      at MessageError.Error (native)
      at new MessageError (/usr/local/Cellar/yarn/1.5.1_1/libexec/lib/cli.js:186:110)
      at Object.checkOne (/usr/local/Cellar/yarn/1.5.1_1/libexec/lib/cli.js:62444:11)
      at /usr/local/Cellar/yarn/1.5.1_1/libexec/lib/cli.js:22773:75
      at next (native)
      at step (/usr/local/Cellar/yarn/1.5.1_1/libexec/lib/cli.js:98:30)
      at /usr/local/Cellar/yarn/1.5.1_1/libexec/lib/cli.js:116:14
      at Promise.F (/usr/local/Cellar/yarn/1.5.1_1/libexec/lib/cli.js:23451:28)
      at /usr/local/Cellar/yarn/1.5.1_1/libexec/lib/cli.js:95:12
      at /usr/local/Cellar/yarn/1.5.1_1/libexec/lib/cli.js:22777:27
